0,2026-06-05T16:00:01.893Z,gateway-1,"{""severity"": ""INFO"", ""event"": ""call"", ""request-id"": ""df965964-f6cc-436b-8d36-fd801165b7b5"", ""target-service"": ""authservice"", ""duration-ms"": 252}"
1,2026-06-05T16:00:02.069Z,authservice-2,"{""severity"": ""INFO"", ""event"": ""request"", ""request-id"": ""56736c9e-74cd-4f2e-9390-e10cd02d650c"", ""method"": ""PUT"", ""path"": ""/api/content/notice"", ""status-code"": 204}"
2,2026-06-05T16:00:03.236Z,authservice-1,"{""severity"": ""INFO"", ""event"": ""request"", ""request-id"": ""c4f22ad2-09ec-438b-87ba-a7cb4132bcd0"", ""method"": ""POST"", ""path"": ""/api/content/notice"", ""status-code"": 204}"
3,2026-06-05T16:00:05.046Z,userservice-0,"{""severity"": ""INFO"", ""event"": ""call"", ""request-id"": ""368627ab-8332-4516-b257-4143336c13ea"", ""target-service"": ""authservice"", ""duration-ms"": 163}"
4,2026-06-05T16:00:05.498Z,userservice-0,"{""severity"": ""INFO"", ""event"": ""call"", ""request-id"": ""cee75d0a-2b96-4dbe-9e47-3d7df256ef50"", ""target-service"": ""authservice"", ""duration-ms"": 200}"
5,2026-06-05T16:00:06.764Z,emailservice-0,"{""severity"": ""INFO"", ""event"": ""request"", ""request-id"": ""f9774944-04d4-47f5-a6cd-e0c9cbc7e794"", ""method"": ""GET"", ""path"": ""/api/auth/login"", ""status-code"": 400}"
6,2026-06-05T16:00:08.431Z,contentservice-1,"{""severity"": ""INFO"", ""event"": ""call"", ""request-id"": ""d27c9a01-8256-411d-b03d-6ae23f96c01d"", ""target-service"": ""emailservice"", ""duration-ms"": 138}"
7,2026-06-05T16:00:09.754Z,contentservice-0,"{""severity"": ""ERROR"", ""event"": ""internal"", ""exception"": ""System.Data.DataException: Database query failed.""}"
8,2026-06-05T16:00:11.206Z,contentservice-0,"{""severity"": ""INFO"", ""event"": ""request"", ""request-id"": ""7fd16c15-ab3e-432b-abe8-b02f8484aa63"", ""method"": ""DELETE"", ""path"": ""/api/content/notice"", ""status-code"": 204}"
9,2026-06-05T16:00:11.758Z,userservice-1,"{""severity"": ""INFO"", ""event"": ""request"", ""request-id"": ""d7fdcc2b-dd7a-4368-bf18-74c9abeb04f2"", ""method"": ""POST"", ""path"": ""/api/content/notice"", ""status-code"": 403}"
10,2026-06-05T16:00:12.807Z,emailservice-2,"{""severity"": ""INFO"", ""event"": ""request"", ""request-id"": ""f55eb692-8fa1-4f03-9920-411b8529f43a"", ""method"": ""DELETE"", ""path"": ""/api/auth/login"", ""status-code"": 400}"
11,2026-06-05T16:00:13.064Z,userservice-0,"{""severity"": ""INFO"", ""event"": ""request"", ""request-id"": ""19ec1dec-bdc6-4e60-b411-936fb3e8e585"", ""method"": ""POST"", ""path"": ""/api/user/alice"", ""status-code"": 200}"
12,2026-06-05T16:00:13.342Z,userservice-1,"{""severity"": ""INFO"", ""event"": ""call"", ""request-id"": ""9a11693d-7d46-4998-a82f-83fadbaa794e"", ""target-service"": ""authservice"", ""duration-ms"": 141}"
13,2026-06-05T16:00:14.797Z,contentservice-1,"{""severity"": ""INFO"", ""event"": ""call"", ""request-id"": ""1e0ec342-c512-4289-aafd-77fdd6c96434"", ""target-service"": ""emailservice"", ""duration-ms"": 22}"
14,2026-06-05T16:00:16.394Z,gateway-1,"{""severity"": ""INFO"", ""event"": ""call"", ""request-id"": ""2f6eb8a8-ef42-4293-be33-cc60b96832ab"", ""target-service"": ""userservice"", ""duration-ms"": 252}"
15,2026-06-05T16:00:17.718Z,contentservice-1,"{""severity"": ""INFO"", ""event"": ""request"", ""request-id"": ""5e7c1d8d-5fae-4d33-b648-aa144f775ebf"", ""method"": ""GET"", ""path"": ""/api/auth/login"", ""status-code"": 201}"
16,2026-06-05T16:00:17.970Z,emailservice-1,"{""severity"": ""INFO"", ""event"": ""request"", ""request-id"": ""a7c3478e-db47-4ef0-bc0a-f95522041176"", ""method"": ""POST"", ""path"": ""/api/content/notice"", ""status-code"": 401}"
17,2026-06-05T16:00:18.780Z,contentservice-1,"{""severity"": ""INFO"", ""event"": ""call"", ""request-id"": ""5b8d62cb-13ac-414f-87cf-f63279f1b5e9"", ""target-service"": ""emailservice"", ""duration-ms"": 118}"
18,2026-06-05T16:00:20.092Z,userservice-0,"{""severity"": ""INFO"", ""event"": ""call"", ""request-id"": ""dd4349da-fe64-4552-8c21-dcc0b0ddfe11"", ""target-service"": ""emailservice"", ""duration-ms"": 61}"
19,2026-06-05T16:00:21.832Z,emailservice-0,"{""severity"": ""ERROR"", ""event"": ""internal"", ""exception"": ""System.UnauthorizedAccessException: Access to protected resource is denied.""}"
20,2026-06-05T16:00:22.872Z,userservice-1,"{""severity"": ""ERROR"", ""event"": ""internal"", ""exception"": ""System.Data.DataException: Database query failed.""}"
21,2026-06-05T16:00:24.823Z,contentservice-1,"{""severity"": ""INFO"", ""event"": ""request"", ""request-id"": ""cac79c41-b0d3-44e2-9417-a1a759fbdf93"", ""method"": ""POST"", ""path"": ""/api/content/article"", ""status-code"": 401}"
22,2026-06-05T16:00:24.843Z,gateway-0,"{""severity"": ""INFO"", ""event"": ""call"", ""request-id"": ""74c39bbc-86cb-4606-a42a-3f326cb53402"", ""target-service"": ""userservice"", ""duration-ms"": 46}"
23,2026-06-05T16:00:26.089Z,authservice-0,"{""severity"": ""INFO"", ""event"": ""request"", ""request-id"": ""c1ee803d-93b4-4649-b70d-a866cae8e3a8"", ""method"": ""POST"", ""path"": ""/api/user/john"", ""status-code"": 200}"
24,2026-06-05T16:00:27.281Z,gateway-0,"{""severity"": ""INFO"", ""event"": ""call"", ""request-id"": ""de0b2277-89c7-41e3-a0db-428420948d1b"", ""target-service"": ""authservice"", ""duration-ms"": 284}"
25,2026-06-05T16:00:27.725Z,contentservice-1,"{""severity"": ""INFO"", ""event"": ""request"", ""request-id"": ""bf6785aa-a18a-46ea-85d1-87c5924fda2b"", ""method"": ""GET"", ""path"": ""/api/content/notice"", ""status-code"": 400}"
26,2026-06-05T16:00:28.744Z,emailservice-2,"{""severity"": ""ERROR"", ""event"": ""internal"", ""exception"": ""System.UnauthorizedAccessException: Access to protected resource is denied.""}"
27,2026-06-05T16:00:30.201Z,authservice-0,"{""severity"": ""INFO"", ""event"": ""request"", ""request-id"": ""0d72a4bd-db16-4037-ae6d-691ba473daac"", ""method"": ""PUT"", ""path"": ""/api/content/notice"", ""status-code"": 201}"
28,2026-06-05T16:00:30.496Z,userservice-1,"{""severity"": ""INFO"", ""event"": ""call"", ""request-id"": ""a232f6a4-5304-4c7d-9ebb-bd299c28b02b"", ""target-service"": ""emailservice"", ""duration-ms"": 277}"
29,2026-06-05T16:00:30.990Z,gateway-1,"{""severity"": ""INFO"", ""event"": ""request"", ""request-id"": ""830e7c2f-b01e-420d-b9ba-9203d78c8d28"", ""method"": ""PUT"", ""path"": ""/api/user/john"", ""status-code"": 200}"
30,2026-06-05T16:00:32.954Z,emailservice-2,"{""severity"": ""INFO"", ""event"": ""request"", ""request-id"": ""345118ff-f5a2-4d26-ba79-8759a65361a8"", ""method"": ""GET"", ""path"": ""/api/content/notice"", ""status-code"": 403}"
31,2026-06-05T16:00:33.414Z,userservice-1,"{""severity"": ""WARNING"", ""event"": ""internal"", ""exception"": ""System.IO.IOException: Temporary file cache is unavailable.""}"
32,2026-06-05T16:00:34.548Z,gateway-1,"{""severity"": ""INFO"", ""event"": ""call"", ""request-id"": ""87abfd62-fd7f-430f-bb50-b25a36d0b3ae"", ""target-service"": ""contentservice"", ""duration-ms"": 6}"
33,2026-06-05T16:00:36.390Z,contentservice-0,"{""severity"": ""INFO"", ""event"": ""call"", ""request-id"": ""ea0474db-ac3f-497a-ad21-ca7a6a56bf1f"", ""target-service"": ""emailservice"", ""duration-ms"": 122}"
34,2026-06-05T16:00:38.271Z,userservice-0,"{""severity"": ""INFO"", ""event"": ""request"", ""request-id"": ""0e985429-3be6-4254-b274-c07f2c92bfd2"", ""method"": ""DELETE"", ""path"": ""/api/auth/logout"", ""status-code"": 200}"
35,2026-06-05T16:00:39.971Z,contentservice-1,"{""severity"": ""INFO"", ""event"": ""call"", ""request-id"": ""5ca5b109-a9fd-4d53-970e-276cfb2201cd"", ""target-service"": ""emailservice"", ""duration-ms"": 157}"
36,2026-06-05T16:00:40.301Z,contentservice-1,"{""severity"": ""INFO"", ""event"": ""request"", ""request-id"": ""0287909d-ced4-497a-850b-a57c3702d28b"", ""method"": ""DELETE"", ""path"": ""/api/auth/logout"", ""status-code"": 204}"
37,2026-06-05T16:00:40.816Z,contentservice-0,"{""severity"": ""INFO"", ""event"": ""request"", ""request-id"": ""238499f2-6234-402a-a0b1-e37120ab3830"", ""method"": ""GET"", ""path"": ""/api/content/notice"", ""status-code"": 404}"
38,2026-06-05T16:00:41.829Z,contentservice-0,"{""severity"": ""INFO"", ""event"": ""request"", ""request-id"": ""b447b6a1-5996-48f1-8131-0348e9b4e74d"", ""method"": ""DELETE"", ""path"": ""/api/auth/login"", ""status-code"": 200}"
39,2026-06-05T16:00:43.124Z,userservice-1,"{""severity"": ""INFO"", ""event"": ""call"", ""request-id"": ""a59f0440-81ec-4944-8bdd-f88bcd4a71b1"", ""target-service"": ""emailservice"", ""duration-ms"": 290}"
40,2026-06-05T16:00:44.583Z,userservice-0,"{""severity"": ""INFO"", ""event"": ""call"", ""request-id"": ""e3d7fd39-3763-4777-a2bb-4036d78d72d4"", ""target-service"": ""emailservice"", ""duration-ms"": 2}"
41,2026-06-05T16:00:45.377Z,gateway-0,"{""severity"": ""INFO"", ""event"": ""request"", ""request-id"": ""9c1f0cb1-7080-4158-8350-643250d29714"", ""method"": ""DELETE"", ""path"": ""/api/content/notice"", ""status-code"": 204}"
42,2026-06-05T16:00:45.687Z,userservice-1,"{""severity"": ""ERROR"", ""event"": ""internal"", ""exception"": ""System.Data.DataException: Database query failed.""}"
43,2026-06-05T16:00:45.785Z,contentservice-0,"{""severity"": ""INFO"", ""event"": ""call"", ""request-id"": ""cc0585b2-2846-41ed-8ed2-322afb9530e5"", ""target-service"": ""emailservice"", ""duration-ms"": 33}"
44,2026-06-05T16:00:46.514Z,gateway-0,"{""severity"": ""INFO"", ""event"": ""request"", ""request-id"": ""1a0753e8-0757-4156-b762-46b8b238580e"", ""method"": ""DELETE"", ""path"": ""/api/user/john"", ""status-code"": 201}"
45,2026-06-05T16:00:48.340Z,gateway-0,"{""severity"": ""INFO"", ""event"": ""request"", ""request-id"": ""2dda046c-4a5e-4d4d-81d2-32d6304d1f48"", ""method"": ""POST"", ""path"": ""/api/auth/login"", ""status-code"": 201}"
46,2026-06-05T16:00:49.521Z,userservice-1,"{""severity"": ""INFO"", ""event"": ""call"", ""request-id"": ""0bc54fc8-dbf8-4124-83cf-8165e268fe5e"", ""target-service"": ""authservice"", ""duration-ms"": 195}"
47,2026-06-05T16:00:51.435Z,contentservice-1,"{""severity"": ""INFO"", ""event"": ""call"", ""request-id"": ""74724759-7f6e-4e11-ae43-d9a3edf93030"", ""target-service"": ""emailservice"", ""duration-ms"": 112}"
48,2026-06-05T16:00:52.637Z,gateway-0,"{""severity"": ""INFO"", ""event"": ""call"", ""request-id"": ""57e05d14-cbee-4a3c-82c7-02232af68372"", ""target-service"": ""userservice"", ""duration-ms"": 238}"
49,2026-06-05T16:00:52.759Z,gateway-1,"{""severity"": ""WARNING"", ""event"": ""internal"", ""exception"": ""System.IO.IOException: Temporary file cache is unavailable.""}"
50,2026-06-05T16:00:54.409Z,userservice-0,"{""severity"": ""INFO"", ""event"": ""call"", ""request-id"": ""97d3ab71-1be5-4eae-9287-4918aadcf605"", ""target-service"": ""emailservice"", ""duration-ms"": 173}"
51,2026-06-05T16:00:55.837Z,gateway-1,"{""severity"": ""ERROR"", ""event"": ""internal"", ""exception"": ""System.NullReferenceException: Object reference not set to an instance of an object.""}"
52,2026-06-05T16:00:55.875Z,emailservice-2,"{""severity"": ""INFO"", ""event"": ""request"", ""request-id"": ""80b89989-2b12-4909-a41b-e297daeb1ee8"", ""method"": ""PUT"", ""path"": ""/api/auth/login"", ""status-code"": 201}"
53,2026-06-05T16:00:56.360Z,contentservice-1,"{""severity"": ""INFO"", ""event"": ""call"", ""request-id"": ""ee1eda2d-3fba-4054-a949-f3ad72346ef9"", ""target-service"": ""emailservice"", ""duration-ms"": 264}"
54,2026-06-05T16:00:58.192Z,userservice-1,"{""severity"": ""INFO"", ""event"": ""call"", ""request-id"": ""be48fdc2-9204-4d3e-a338-cd47cdba1f47"", ""target-service"": ""emailservice"", ""duration-ms"": 17}"
55,2026-06-05T16:00:59.975Z,userservice-0,"{""severity"": ""INFO"", ""event"": ""request"", ""request-id"": ""f8dd7a34-1d8c-4766-af49-17693e59f0fc"", ""method"": ""GET"", ""path"": ""/api/auth/login"", ""status-code"": 204}"
56,2026-06-05T16:01:01.192Z,userservice-0,"{""severity"": ""INFO"", ""event"": ""call"", ""request-id"": ""292de4e5-ccc7-4df6-8957-831bd38c2209"", ""target-service"": ""emailservice"", ""duration-ms"": 172}"
57,2026-06-05T16:01:02.483Z,contentservice-1,"{""severity"": ""INFO"", ""event"": ""call"", ""request-id"": ""393fce6b-f1ac-4647-9781-10b90fa4fd0a"", ""target-service"": ""emailservice"", ""duration-ms"": 76}"
58,2026-06-05T16:01:03.426Z,gateway-0,"{""severity"": ""INFO"", ""event"": ""call"", ""request-id"": ""dc922960-ff8b-40df-989e-ec3257875bc3"", ""target-service"": ""contentservice"", ""duration-ms"": 41}"
59,2026-06-05T16:01:04.239Z,userservice-1,"{""severity"": ""INFO"", ""event"": ""call"", ""request-id"": ""43e3b5de-d934-41fd-b744-89da5b5798d0"", ""target-service"": ""emailservice"", ""duration-ms"": 210}"
60,2026-06-05T16:01:04.278Z,userservice-1,"{""severity"": ""INFO"", ""event"": ""request"", ""request-id"": ""a4c49d95-40d4-4814-94dd-99b01ed4ffab"", ""method"": ""DELETE"", ""path"": ""/api/content/article"", ""status-code"": 403}"
61,2026-06-05T16:01:04.970Z,userservice-0,"{""severity"": ""INFO"", ""event"": ""call"", ""request-id"": ""37cd559e-57c8-4603-873f-1ffc9c1fd266"", ""target-service"": ""emailservice"", ""duration-ms"": 133}"
62,2026-06-05T16:01:06.816Z,userservice-1,"{""severity"": ""INFO"", ""event"": ""call"", ""request-id"": ""347bc482-a9a1-4f50-ade3-988ebeed8be8"", ""target-service"": ""authservice"", ""duration-ms"": 92}"
63,2026-06-05T16:01:07.761Z,contentservice-0,"{""severity"": ""INFO"", ""event"": ""request"", ""request-id"": ""2b5f2ccc-b6cf-44c6-a2ba-1985e762c5d4"", ""method"": ""PUT"", ""path"": ""/api/auth/login"", ""status-code"": 200}"
64,2026-06-05T16:01:07.878Z,authservice-0,"{""severity"": ""INFO"", ""event"": ""request"", ""request-id"": ""e131edb3-3704-4c50-9ac7-609211ba011b"", ""method"": ""PUT"", ""path"": ""/api/user/alice"", ""status-code"": 200}"
65,2026-06-05T16:01:09.244Z,emailservice-2,"{""severity"": ""WARNING"", ""event"": ""internal"", ""exception"": ""System.Net.Http.HttpRequestException: Remote service responded slowly.""}"
66,2026-06-05T16:01:10.828Z,userservice-1,"{""severity"": ""INFO"", ""event"": ""call"", ""request-id"": ""0e403347-d5e2-4377-881b-e2e21c963708"", ""target-service"": ""authservice"", ""duration-ms"": 219}"
67,2026-06-05T16:01:12.698Z,authservice-0,"{""severity"": ""WARNING"", ""event"": ""internal"", ""exception"": ""System.TimeoutException: Request processing is slower than expected.""}"
68,2026-06-05T16:01:13.407Z,contentservice-0,"{""severity"": ""INFO"", ""event"": ""request"", ""request-id"": ""05e4c006-314a-40b6-8002-42c1431ac3f9"", ""method"": ""POST"", ""path"": ""/api/auth/logout"", ""status-code"": 200}"
69,2026-06-05T16:01:13.788Z,authservice-1,"{""severity"": ""INFO"", ""event"": ""request"", ""request-id"": ""55a4778d-9a47-4de9-8b1d-0d1737244d43"", ""method"": ""GET"", ""path"": ""/api/user/john"", ""status-code"": 204}"
70,2026-06-05T16:01:13.974Z,authservice-2,"{""severity"": ""INFO"", ""event"": ""request"", ""request-id"": ""fbde4da7-4597-454a-b92d-d5cabb916567"", ""method"": ""PUT"", ""path"": ""/api/content/article"", ""status-code"": 404}"
71,2026-06-05T16:01:15.329Z,contentservice-1,"{""severity"": ""WARNING"", ""event"": ""internal"", ""exception"": ""System.IO.IOException: Temporary file cache is unavailable.""}"
72,2026-06-05T16:01:15.556Z,gateway-0,"{""severity"": ""INFO"", ""event"": ""call"", ""request-id"": ""76f802df-07a0-4976-a15a-1bed691c2d6b"", ""target-service"": ""contentservice"", ""duration-ms"": 136}"
73,2026-06-05T16:01:17.510Z,authservice-0,"{""severity"": ""ERROR"", ""event"": ""internal"", ""exception"": ""System.Data.DataException: Database query failed.""}"
74,2026-06-05T16:01:18.364Z,contentservice-0,"{""severity"": ""WARNING"", ""event"": ""internal"", ""exception"": ""System.IO.IOException: Temporary file cache is unavailable.""}"
75,2026-06-05T16:01:20.269Z,contentservice-0,"{""severity"": ""INFO"", ""event"": ""request"", ""request-id"": ""ead1ab6c-89d1-4362-b1d4-2dab6ec3ea4d"", ""method"": ""GET"", ""path"": ""/api/auth/logout"", ""status-code"": 401}"
76,2026-06-05T16:01:22.135Z,userservice-1,"{""severity"": ""ERROR"", ""event"": ""internal"", ""exception"": ""System.UnauthorizedAccessException: Access to protected resource is denied.""}"
77,2026-06-05T16:01:23.405Z,gateway-0,"{""severity"": ""INFO"", ""event"": ""call"", ""request-id"": ""41cb66ad-a5ad-4037-a3ff-925e75e477b3"", ""target-service"": ""userservice"", ""duration-ms"": 104}"
78,2026-06-05T16:01:23.600Z,contentservice-1,"{""severity"": ""INFO"", ""event"": ""request"", ""request-id"": ""bc1d1774-cc98-4c30-b7c0-f236aab761c7"", ""method"": ""POST"", ""path"": ""/api/user/john"", ""status-code"": 401}"
79,2026-06-05T16:01:23.673Z,gateway-1,"{""severity"": ""INFO"", ""event"": ""call"", ""request-id"": ""2d6345ef-e614-48ba-8a6e-4ab697150ef7"", ""target-service"": ""authservice"", ""duration-ms"": 179}"
80,2026-06-05T16:01:24.812Z,userservice-1,"{""severity"": ""WARNING"", ""event"": ""internal"", ""exception"": ""System.TimeoutException: Request processing is slower than expected.""}"
81,2026-06-05T16:01:26.006Z,userservice-1,"{""severity"": ""INFO"", ""event"": ""request"", ""request-id"": ""ce7dc6ce-9174-4e2e-9fd5-886bff0938e9"", ""method"": ""DELETE"", ""path"": ""/api/user/john"", ""status-code"": 201}"
82,2026-06-05T16:01:27.951Z,contentservice-1,"{""severity"": ""INFO"", ""event"": ""call"", ""request-id"": ""82d83dc7-488a-4e3c-beb0-02b0b125a31c"", ""target-service"": ""emailservice"", ""duration-ms"": 36}"
83,2026-06-05T16:01:28.351Z,contentservice-0,"{""severity"": ""INFO"", ""event"": ""request"", ""request-id"": ""d9ab3377-04a0-42fe-ad56-b21333e41f0f"", ""method"": ""DELETE"", ""path"": ""/api/user/alice"", ""status-code"": 200}"
84,2026-06-05T16:01:29.426Z,emailservice-2,"{""severity"": ""INFO"", ""event"": ""request"", ""request-id"": ""d0d65640-5dfd-4c6e-99e8-89e4acd105a4"", ""method"": ""DELETE"", ""path"": ""/api/auth/login"", ""status-code"": 400}"
85,2026-06-05T16:01:31.007Z,emailservice-1,"{""severity"": ""INFO"", ""event"": ""request"", ""request-id"": ""fe414756-3031-4e4a-b71a-7adb19e05902"", ""method"": ""POST"", ""path"": ""/api/auth/logout"", ""status-code"": 500}"
86,2026-06-05T16:01:31.541Z,gateway-0,"{""severity"": ""INFO"", ""event"": ""call"", ""request-id"": ""d816ba87-ec84-4f22-89b9-482b71ba4aed"", ""target-service"": ""contentservice"", ""duration-ms"": 22}"
87,2026-06-05T16:01:32.773Z,authservice-1,"{""severity"": ""INFO"", ""event"": ""request"", ""request-id"": ""77a76b1d-4018-4848-8c87-bd3f55e0acd4"", ""method"": ""GET"", ""path"": ""/api/content/article"", ""status-code"": 400}"
88,2026-06-05T16:01:32.982Z,userservice-1,"{""severity"": ""WARNING"", ""event"": ""internal"", ""exception"": ""System.IO.IOException: Temporary file cache is unavailable.""}"
89,2026-06-05T16:01:34.003Z,gateway-0,"{""severity"": ""ERROR"", ""event"": ""internal"", ""exception"": ""System.UnauthorizedAccessException: Access to protected resource is denied.""}"
90,2026-06-05T16:01:35.990Z,contentservice-1,"{""severity"": ""INFO"", ""event"": ""call"", ""request-id"": ""bbe1ff34-f95c-4d7c-aba8-3a8fa45cc600"", ""target-service"": ""emailservice"", ""duration-ms"": 297}"
91,2026-06-05T16:01:36.176Z,contentservice-0,"{""severity"": ""INFO"", ""event"": ""call"", ""request-id"": ""7f6d17fe-146a-43e6-9132-256a268f2dea"", ""target-service"": ""emailservice"", ""duration-ms"": 197}"
92,2026-06-05T16:01:37.944Z,emailservice-2,"{""severity"": ""INFO"", ""event"": ""request"", ""request-id"": ""b9e16a6a-dd67-4c39-92bd-da6f97d47f43"", ""method"": ""GET"", ""path"": ""/api/content/article"", ""status-code"": 200}"
93,2026-06-05T16:01:38.402Z,emailservice-2,"{""severity"": ""INFO"", ""event"": ""request"", ""request-id"": ""73160e8d-54ab-48f7-9ac8-2a52ebc58ab1"", ""method"": ""POST"", ""path"": ""/api/auth/login"", ""status-code"": 404}"
94,2026-06-05T16:01:39.627Z,userservice-1,"{""severity"": ""INFO"", ""event"": ""call"", ""request-id"": ""a87148d6-71f0-4468-90d9-f7b7cb55062c"", ""target-service"": ""emailservice"", ""duration-ms"": 126}"
95,2026-06-05T16:01:40.346Z,contentservice-1,"{""severity"": ""WARNING"", ""event"": ""internal"", ""exception"": ""System.TimeoutException: Request processing is slower than expected.""}"
96,2026-06-05T16:01:41.414Z,gateway-1,"{""severity"": ""INFO"", ""event"": ""call"", ""request-id"": ""22fce50d-0dc2-4f9e-b16d-1a5e98a94a41"", ""target-service"": ""contentservice"", ""duration-ms"": 15}"
97,2026-06-05T16:01:41.890Z,emailservice-2,"{""severity"": ""INFO"", ""event"": ""request"", ""request-id"": ""32b03e12-d2d1-43c8-a02a-fdaad09ab5cb"", ""method"": ""DELETE"", ""path"": ""/api/auth/login"", ""status-code"": 400}"
98,2026-06-05T16:01:43.104Z,emailservice-1,"{""severity"": ""ERROR"", ""event"": ""internal"", ""exception"": ""System.InvalidOperationException: Failed to load service configuration.""}"
99,2026-06-05T16:01:43.130Z,userservice-1,"{""severity"": ""INFO"", ""event"": ""call"", ""request-id"": ""2d54deaf-88f0-4f94-b014-395c4cb8c243"", ""target-service"": ""authservice"", ""duration-ms"": 42}"
100,2026-06-05T16:01:44.125Z,userservice-0,"{""severity"": ""INFO"", ""event"": ""request"", ""request-id"": ""d3c41c66-fa7a-48c6-a000-162d1eccce4f"", ""method"": ""POST"", ""path"": ""/api/auth/logout"", ""status-code"": 403}"
101,2026-06-05T16:01:44.242Z,gateway-0,"{""severity"": ""ERROR"", ""event"": ""internal"", ""exception"": ""System.Data.DataException: Database query failed.""}"
102,2026-06-05T16:01:44.285Z,authservice-1,"{""severity"": ""INFO"", ""event"": ""request"", ""request-id"": ""b13f7092-4f4b-4f5b-8d36-ca35300d49b4"", ""method"": ""POST"", ""path"": ""/api/content/notice"", ""status-code"": 401}"
103,2026-06-05T16:01:46.161Z,authservice-0,"{""severity"": ""INFO"", ""event"": ""request"", ""request-id"": ""e3091d72-98e0-4405-a7a4-4d5aa2d120cf"", ""method"": ""PUT"", ""path"": ""/api/auth/logout"", ""status-code"": 500}"
104,2026-06-05T16:01:46.260Z,authservice-0,"{""severity"": ""INFO"", ""event"": ""request"", ""request-id"": ""d4d8b975-b7e2-4a90-b525-54f099f9ab6f"", ""method"": ""PUT"", ""path"": ""/api/auth/login"", ""status-code"": 500}"
105,2026-06-05T16:01:47.538Z,authservice-1,"{""severity"": ""INFO"", ""event"": ""request"", ""request-id"": ""08d06e88-83e2-4810-b449-37f9138fe483"", ""method"": ""PUT"", ""path"": ""/api/user/john"", ""status-code"": 204}"
106,2026-06-05T16:01:48.401Z,userservice-0,"{""severity"": ""INFO"", ""event"": ""request"", ""request-id"": ""9f74b6ff-8052-444e-be1e-2aa8422e062d"", ""method"": ""PUT"", ""path"": ""/api/content/article"", ""status-code"": 204}"
107,2026-06-05T16:01:48.623Z,contentservice-0,"{""severity"": ""INFO"", ""event"": ""request"", ""request-id"": ""4a2f55ad-002a-447c-b41c-bcf568afa94d"", ""method"": ""POST"", ""path"": ""/api/content/article"", ""status-code"": 201}"
108,2026-06-05T16:01:49.232Z,gateway-0,"{""severity"": ""INFO"", ""event"": ""call"", ""request-id"": ""c90f3a9c-9472-4f8a-978c-060f2109394f"", ""target-service"": ""contentservice"", ""duration-ms"": 113}"
109,2026-06-05T16:01:50.191Z,userservice-1,"{""severity"": ""INFO"", ""event"": ""request"", ""request-id"": ""0c584342-947e-4811-bd06-66056cae0681"", ""method"": ""POST"", ""path"": ""/api/user/alice"", ""status-code"": 204}"
110,2026-06-05T16:01:51.981Z,userservice-0,"{""severity"": ""INFO"", ""event"": ""request"", ""request-id"": ""c6c39af0-dca0-4dde-a99e-ce4b7cc266d1"", ""method"": ""PUT"", ""path"": ""/api/auth/login"", ""status-code"": 201}"
111,2026-06-05T16:01:52.411Z,userservice-1,"{""severity"": ""INFO"", ""event"": ""call"", ""request-id"": ""6affd1cd-00e2-4eb4-8510-b278be4f5c4a"", ""target-service"": ""emailservice"", ""duration-ms"": 185}"
112,2026-06-05T16:01:54.244Z,contentservice-1,"{""severity"": ""ERROR"", ""event"": ""internal"", ""exception"": ""System.NullReferenceException: Object reference not set to an instance of an object.""}"
113,2026-06-05T16:01:56.238Z,userservice-1,"{""severity"": ""INFO"", ""event"": ""request"", ""request-id"": ""c568f6dc-86a5-4641-b747-2d5c0ed795e3"", ""method"": ""POST"", ""path"": ""/api/auth/login"", ""status-code"": 200}"
114,2026-06-05T16:01:56.508Z,userservice-0,"{""severity"": ""INFO"", ""event"": ""request"", ""request-id"": ""452491dc-e9c5-452f-9dab-9061118b9df6"", ""method"": ""GET"", ""path"": ""/api/user/john"", ""status-code"": 200}"
115,2026-06-05T16:01:56.598Z,authservice-2,"{""severity"": ""ERROR"", ""event"": ""internal"", ""exception"": ""System.InvalidOperationException: Failed to load service configuration.""}"
116,2026-06-05T16:01:57.158Z,gateway-1,"{""severity"": ""INFO"", ""event"": ""call"", ""request-id"": ""b7ccb829-6d86-42d2-b2e2-4cd521a23c21"", ""target-service"": ""contentservice"", ""duration-ms"": 14}"
117,2026-06-05T16:01:58.971Z,gateway-1,"{""severity"": ""ERROR"", ""event"": ""internal"", ""exception"": ""System.UnauthorizedAccessException: Access to protected resource is denied.""}"
118,2026-06-05T16:02:00.564Z,userservice-1,"{""severity"": ""ERROR"", ""event"": ""internal"", ""exception"": ""System.Data.DataException: Database query failed.""}"
119,2026-06-05T16:02:01.727Z,userservice-1,"{""severity"": ""INFO"", ""event"": ""request"", ""request-id"": ""56ea6042-0a22-4599-a034-5c7c0ed22220"", ""method"": ""DELETE"", ""path"": ""/api/user/john"", ""status-code"": 400}"
120,2026-06-05T16:02:01.801Z,emailservice-1,"{""severity"": ""INFO"", ""event"": ""request"", ""request-id"": ""2400deab-b4b4-4785-b819-97d583d5ea85"", ""method"": ""PUT"", ""path"": ""/api/content/article"", ""status-code"": 200}"
121,2026-06-05T16:02:02.367Z,userservice-0,"{""severity"": ""INFO"", ""event"": ""call"", ""request-id"": ""6717d311-0b36-41cf-9e4a-54f9bddb5e9f"", ""target-service"": ""emailservice"", ""duration-ms"": 32}"
122,2026-06-05T16:02:04.317Z,contentservice-0,"{""severity"": ""INFO"", ""event"": ""call"", ""request-id"": ""964cf912-de28-40c5-a2c3-9063524dbb77"", ""target-service"": ""emailservice"", ""duration-ms"": 120}"
123,2026-06-05T16:02:04.792Z,authservice-0,"{""severity"": ""INFO"", ""event"": ""request"", ""request-id"": ""3fa1fde9-7f92-4b20-8004-01695306404d"", ""method"": ""DELETE"", ""path"": ""/api/user/alice"", ""status-code"": 201}"
124,2026-06-05T16:02:05.211Z,authservice-0,"{""severity"": ""INFO"", ""event"": ""request"", ""request-id"": ""194ee425-0851-4760-93b8-dd48e8922164"", ""method"": ""GET"", ""path"": ""/api/auth/login"", ""status-code"": 404}"
125,2026-06-05T16:02:05.420Z,contentservice-1,"{""severity"": ""INFO"", ""event"": ""call"", ""request-id"": ""33cb8832-fe05-4ba4-9cd7-5c93987f48c6"", ""target-service"": ""emailservice"", ""duration-ms"": 83}"
126,2026-06-05T16:02:05.628Z,userservice-1,"{""severity"": ""INFO"", ""event"": ""request"", ""request-id"": ""d7c53de9-a93e-4cf1-85c5-0efbd26b6c41"", ""method"": ""DELETE"", ""path"": ""/api/user/alice"", ""status-code"": 201}"
127,2026-06-05T16:02:06.961Z,gateway-1,"{""severity"": ""INFO"", ""event"": ""request"", ""request-id"": ""5d4ee5c7-9bcb-41f8-ace1-5ed0daa09f6b"", ""method"": ""DELETE"", ""path"": ""/api/content/article"", ""status-code"": 500}"
128,2026-06-05T16:02:07.279Z,emailservice-0,"{""severity"": ""ERROR"", ""event"": ""internal"", ""exception"": ""System.InvalidOperationException: Failed to load service configuration.""}"
129,2026-06-05T16:02:09.258Z,contentservice-1,"{""severity"": ""INFO"", ""event"": ""request"", ""request-id"": ""900a0fb9-6313-415b-941c-41374087ecd1"", ""method"": ""PUT"", ""path"": ""/api/auth/login"", ""status-code"": 200}"
130,2026-06-05T16:02:10.137Z,contentservice-1,"{""severity"": ""INFO"", ""event"": ""call"", ""request-id"": ""ffd4546e-d5c4-41f6-9726-2327ad16c0af"", ""target-service"": ""emailservice"", ""duration-ms"": 164}"
131,2026-06-05T16:02:10.602Z,authservice-0,"{""severity"": ""INFO"", ""event"": ""request"", ""request-id"": ""49bbf962-6a9d-418c-852e-ee65faa90a6c"", ""method"": ""POST"", ""path"": ""/api/user/john"", ""status-code"": 401}"
132,2026-06-05T16:02:11.476Z,userservice-1,"{""severity"": ""WARNING"", ""event"": ""internal"", ""exception"": ""System.IO.IOException: Temporary file cache is unavailable.""}"
133,2026-06-05T16:02:12.457Z,userservice-0,"{""severity"": ""INFO"", ""event"": ""call"", ""request-id"": ""c1bd7360-51d0-40cd-b627-8fad6f3d4c90"", ""target-service"": ""authservice"", ""duration-ms"": 300}"
134,2026-06-05T16:02:14.011Z,emailservice-2,"{""severity"": ""INFO"", ""event"": ""request"", ""request-id"": ""a4b69b9a-af29-4248-ad63-0b5cac03db04"", ""method"": ""GET"", ""path"": ""/api/user/john"", ""status-code"": 403}"
135,2026-06-05T16:02:15.462Z,gateway-1,"{""severity"": ""INFO"", ""event"": ""call"", ""request-id"": ""4b4ec7ee-df97-4302-9d10-ea3c1464f89f"", ""target-service"": ""contentservice"", ""duration-ms"": 241}"
136,2026-06-05T16:02:16.031Z,emailservice-2,"{""severity"": ""INFO"", ""event"": ""request"", ""request-id"": ""e4bd5a1c-da93-49ae-b81f-39d51f0b1fd0"", ""method"": ""DELETE"", ""path"": ""/api/content/article"", ""status-code"": 200}"
137,2026-06-05T16:02:16.533Z,gateway-1,"{""severity"": ""INFO"", ""event"": ""request"", ""request-id"": ""618e2c1d-c247-47b2-b565-4789235c20ee"", ""method"": ""POST"", ""path"": ""/api/content/notice"", ""status-code"": 403}"
138,2026-06-05T16:02:16.937Z,gateway-0,"{""severity"": ""INFO"", ""event"": ""call"", ""request-id"": ""8df4362b-07fc-4e2b-bc37-33d96e414cf9"", ""target-service"": ""authservice"", ""duration-ms"": 155}"
139,2026-06-05T16:02:17.782Z,gateway-1,"{""severity"": ""ERROR"", ""event"": ""internal"", ""exception"": ""System.Data.DataException: Database query failed.""}"
140,2026-06-05T16:02:19.538Z,emailservice-0,"{""severity"": ""INFO"", ""event"": ""request"", ""request-id"": ""d07f0ae0-bf74-4ede-b435-6cbfd5d02408"", ""method"": ""PUT"", ""path"": ""/api/user/alice"", ""status-code"": 401}"
141,2026-06-05T16:02:19.840Z,authservice-1,"{""severity"": ""INFO"", ""event"": ""request"", ""request-id"": ""bb1a8bb0-4328-4e8c-ad67-a1b4e64f3498"", ""method"": ""GET"", ""path"": ""/api/auth/login"", ""status-code"": 404}"
142,2026-06-05T16:02:21.298Z,authservice-2,"{""severity"": ""ERROR"", ""event"": ""internal"", ""exception"": ""System.InvalidOperationException: Failed to load service configuration.""}"
143,2026-06-05T16:02:21.467Z,gateway-0,"{""severity"": ""INFO"", ""event"": ""request"", ""request-id"": ""090d770c-9d92-4ff5-82a7-d6ea1601d03f"", ""method"": ""POST"", ""path"": ""/api/content/article"", ""status-code"": 401}"
144,2026-06-05T16:02:21.495Z,contentservice-1,"{""severity"": ""INFO"", ""event"": ""call"", ""request-id"": ""bb471c8a-a987-4579-9c0f-1d1cd3b6df0a"", ""target-service"": ""emailservice"", ""duration-ms"": 226}"
145,2026-06-05T16:02:22.404Z,userservice-1,"{""severity"": ""INFO"", ""event"": ""request"", ""request-id"": ""5aedc419-f08e-4af6-bd19-eb442a70ad47"", ""method"": ""PUT"", ""path"": ""/api/user/alice"", ""status-code"": 200}"
146,2026-06-05T16:02:24.119Z,contentservice-1,"{""severity"": ""INFO"", ""event"": ""call"", ""request-id"": ""cedf7de3-0f5d-4021-bcf0-a231f049b2a0"", ""target-service"": ""emailservice"", ""duration-ms"": 290}"
147,2026-06-05T16:02:24.839Z,authservice-1,"{""severity"": ""WARNING"", ""event"": ""internal"", ""exception"": ""System.Net.Http.HttpRequestException: Remote service responded slowly.""}"
148,2026-06-05T16:02:26.826Z,userservice-1,"{""severity"": ""INFO"", ""event"": ""call"", ""request-id"": ""1c4aae9a-1a8f-412a-86d4-d2c9f52c16a8"", ""target-service"": ""authservice"", ""duration-ms"": 292}"
149,2026-06-05T16:02:28.566Z,gateway-0,"{""severity"": ""INFO"", ""event"": ""call"", ""request-id"": ""012f1330-bba4-42ca-a868-f4bf5f812eed"", ""target-service"": ""authservice"", ""duration-ms"": 41}"
150,2026-06-05T16:02:28.832Z,contentservice-1,"{""severity"": ""INFO"", ""event"": ""call"", ""request-id"": ""0c1e4597-509e-464e-abc6-1a42060db473"", ""target-service"": ""emailservice"", ""duration-ms"": 155}"
151,2026-06-05T16:02:29.744Z,contentservice-1,"{""severity"": ""INFO"", ""event"": ""request"", ""request-id"": ""f705b92c-a500-48ae-bfa5-6078d305e07a"", ""method"": ""DELETE"", ""path"": ""/api/auth/login"", ""status-code"": 200}"
152,2026-06-05T16:02:31.398Z,userservice-0,"{""severity"": ""ERROR"", ""event"": ""internal"", ""exception"": ""System.Data.DataException: Database query failed.""}"
153,2026-06-05T16:02:32.125Z,gateway-0,"{""severity"": ""INFO"", ""event"": ""call"", ""request-id"": ""522e8241-ba0f-4557-962b-ee5924528805"", ""target-service"": ""userservice"", ""duration-ms"": 253}"
154,2026-06-05T16:02:33.219Z,gateway-0,"{""severity"": ""INFO"", ""event"": ""call"", ""request-id"": ""ee3772af-f7ce-4a66-9ecd-a3bd4f0ae3c4"", ""target-service"": ""userservice"", ""duration-ms"": 222}"
155,2026-06-05T16:02:33.296Z,userservice-1,"{""severity"": ""INFO"", ""event"": ""request"", ""request-id"": ""b4d3a6a3-3b02-4c21-b782-8822b9fd7d3a"", ""method"": ""GET"", ""path"": ""/api/user/alice"", ""status-code"": 403}"
156,2026-06-05T16:02:34.802Z,userservice-1,"{""severity"": ""INFO"", ""event"": ""call"", ""request-id"": ""ee189239-39e0-4360-963a-a8be512fd1da"", ""target-service"": ""emailservice"", ""duration-ms"": 245}"
157,2026-06-05T16:02:35.933Z,userservice-0,"{""severity"": ""INFO"", ""event"": ""call"", ""request-id"": ""9f7c93fe-2046-4f92-8cbb-d1d0ed837133"", ""target-service"": ""authservice"", ""duration-ms"": 196}"
158,2026-06-05T16:02:36.166Z,emailservice-2,"{""severity"": ""ERROR"", ""event"": ""internal"", ""exception"": ""System.Data.DataException: Database query failed.""}"
159,2026-06-05T16:02:38.024Z,contentservice-1,"{""severity"": ""INFO"", ""event"": ""call"", ""request-id"": ""99dd1228-3250-4cce-9221-429192e65c80"", ""target-service"": ""emailservice"", ""duration-ms"": 295}"
160,2026-06-05T16:02:38.153Z,gateway-0,"{""severity"": ""INFO"", ""event"": ""request"", ""request-id"": ""b9d95fdd-9c6d-4203-ab4d-9f83fa754613"", ""method"": ""POST"", ""path"": ""/api/user/john"", ""status-code"": 200}"
161,2026-06-05T16:02:38.189Z,contentservice-1,"{""severity"": ""INFO"", ""event"": ""call"", ""request-id"": ""ba997768-3e2c-40d4-82e8-f732524645ee"", ""target-service"": ""emailservice"", ""duration-ms"": 246}"
162,2026-06-05T16:02:39.358Z,userservice-0,"{""severity"": ""ERROR"", ""event"": ""internal"", ""exception"": ""System.UnauthorizedAccessException: Access to protected resource is denied.""}"
163,2026-06-05T16:02:40.055Z,contentservice-1,"{""severity"": ""INFO"", ""event"": ""call"", ""request-id"": ""0d5399b6-c48f-4470-b518-e50db21d72d6"", ""target-service"": ""emailservice"", ""duration-ms"": 121}"
164,2026-06-05T16:02:40.971Z,contentservice-0,"{""severity"": ""INFO"", ""event"": ""request"", ""request-id"": ""5c7f63ff-729d-4e95-b646-85b2ff606f67"", ""method"": ""GET"", ""path"": ""/api/user/john"", ""status-code"": 401}"
165,2026-06-05T16:02:42.529Z,emailservice-2,"{""severity"": ""INFO"", ""event"": ""request"", ""request-id"": ""6dd21018-0e8c-4579-9f07-c8d32a892850"", ""method"": ""GET"", ""path"": ""/api/auth/login"", ""status-code"": 404}"
166,2026-06-05T16:02:43.634Z,userservice-1,"{""severity"": ""INFO"", ""event"": ""call"", ""request-id"": ""9fe8ad70-a323-44bd-be0d-40914f971539"", ""target-service"": ""authservice"", ""duration-ms"": 171}"
167,2026-06-05T16:02:44.617Z,userservice-1,"{""severity"": ""INFO"", ""event"": ""call"", ""request-id"": ""cac8474d-67e2-47fd-bfdf-e00c01c3fe9a"", ""target-service"": ""emailservice"", ""duration-ms"": 38}"
168,2026-06-05T16:02:45.754Z,gateway-1,"{""severity"": ""ERROR"", ""event"": ""internal"", ""exception"": ""System.UnauthorizedAccessException: Access to protected resource is denied.""}"
169,2026-06-05T16:02:47.051Z,contentservice-1,"{""severity"": ""INFO"", ""event"": ""call"", ""request-id"": ""092bc18b-90c6-42c6-aac9-dfdd11132619"", ""target-service"": ""emailservice"", ""duration-ms"": 227}"
170,2026-06-05T16:02:48.804Z,gateway-1,"{""severity"": ""INFO"", ""event"": ""request"", ""request-id"": ""790b4d89-c6cd-4baa-a9ea-76d4809797a7"", ""method"": ""GET"", ""path"": ""/api/auth/logout"", ""status-code"": 200}"
171,2026-06-05T16:02:49.356Z,gateway-1,"{""severity"": ""WARNING"", ""event"": ""internal"", ""exception"": ""System.Net.Http.HttpRequestException: Remote service responded slowly.""}"
172,2026-06-05T16:02:49.813Z,contentservice-1,"{""severity"": ""INFO"", ""event"": ""request"", ""request-id"": ""792aec7d-be51-429a-840c-2168ffa92727"", ""method"": ""DELETE"", ""path"": ""/api/auth/login"", ""status-code"": 404}"
173,2026-06-05T16:02:51.220Z,contentservice-1,"{""severity"": ""INFO"", ""event"": ""call"", ""request-id"": ""d9fd97f8-2645-4302-8e99-51ab3103047f"", ""target-service"": ""emailservice"", ""duration-ms"": 146}"
174,2026-06-05T16:02:51.586Z,contentservice-0,"{""severity"": ""INFO"", ""event"": ""call"", ""request-id"": ""d8231552-79f1-43be-8925-aaa53b896814"", ""target-service"": ""emailservice"", ""duration-ms"": 174}"
175,2026-06-05T16:02:52.557Z,authservice-1,"{""severity"": ""INFO"", ""event"": ""request"", ""request-id"": ""ec2d51e1-35a5-49ff-b3c9-a7c2c14b1a4a"", ""method"": ""GET"", ""path"": ""/api/content/notice"", ""status-code"": 500}"
176,2026-06-05T16:02:53.673Z,userservice-0,"{""severity"": ""INFO"", ""event"": ""call"", ""request-id"": ""dbb570e7-b270-46b4-a2a7-d8a8e58f2c2d"", ""target-service"": ""authservice"", ""duration-ms"": 262}"
177,2026-06-05T16:02:55.373Z,gateway-1,"{""severity"": ""INFO"", ""event"": ""call"", ""request-id"": ""f4e2afe8-a220-4806-949b-d9d6e1c66e2b"", ""target-service"": ""contentservice"", ""duration-ms"": 157}"
178,2026-06-05T16:02:57.358Z,userservice-0,"{""severity"": ""INFO"", ""event"": ""call"", ""request-id"": ""e0ab083e-9d5a-4840-bb4e-b73a87c15158"", ""target-service"": ""authservice"", ""duration-ms"": 228}"
179,2026-06-05T16:02:57.847Z,userservice-0,"{""severity"": ""INFO"", ""event"": ""request"", ""request-id"": ""3272001d-9e0e-40ae-8f7c-94d3fc32f201"", ""method"": ""POST"", ""path"": ""/api/content/notice"", ""status-code"": 200}"
180,2026-06-05T16:02:59.558Z,contentservice-0,"{""severity"": ""INFO"", ""event"": ""call"", ""request-id"": ""34d79cb9-b869-42ec-ae10-c32a4f3ad1c6"", ""target-service"": ""emailservice"", ""duration-ms"": 111}"
181,2026-06-05T16:03:00.539Z,emailservice-1,"{""severity"": ""ERROR"", ""event"": ""internal"", ""exception"": ""System.Data.DataException: Database query failed.""}"
182,2026-06-05T16:03:01.485Z,userservice-0,"{""severity"": ""INFO"", ""event"": ""request"", ""request-id"": ""c8902407-a32b-49c0-b470-15dfd89c40d0"", ""method"": ""PUT"", ""path"": ""/api/content/notice"", ""status-code"": 403}"
183,2026-06-05T16:03:02.825Z,gateway-0,"{""severity"": ""INFO"", ""event"": ""call"", ""request-id"": ""fc49b36d-54f0-4992-bd2d-1469c751ded9"", ""target-service"": ""contentservice"", ""duration-ms"": 194}"
184,2026-06-05T16:03:03.766Z,gateway-0,"{""severity"": ""INFO"", ""event"": ""call"", ""request-id"": ""2cebe883-436f-4bd3-966b-47fd8f44fbe0"", ""target-service"": ""contentservice"", ""duration-ms"": 212}"
185,2026-06-05T16:03:05.270Z,authservice-2,"{""severity"": ""INFO"", ""event"": ""request"", ""request-id"": ""c2cf89e0-5283-471a-95e3-a7dae8e69e98"", ""method"": ""DELETE"", ""path"": ""/api/auth/login"", ""status-code"": 204}"
186,2026-06-05T16:03:06.202Z,userservice-0,"{""severity"": ""WARNING"", ""event"": ""internal"", ""exception"": ""System.TimeoutException: Request processing is slower than expected.""}"
187,2026-06-05T16:03:07.508Z,userservice-0,"{""severity"": ""INFO"", ""event"": ""request"", ""request-id"": ""a6587330-a50e-46bc-afbf-70efd9d15948"", ""method"": ""PUT"", ""path"": ""/api/content/notice"", ""status-code"": 404}"
188,2026-06-05T16:03:08.589Z,contentservice-0,"{""severity"": ""INFO"", ""event"": ""call"", ""request-id"": ""5af1cf8a-29c3-4187-8711-c3ff82a723c5"", ""target-service"": ""emailservice"", ""duration-ms"": 178}"
189,2026-06-05T16:03:09.191Z,userservice-0,"{""severity"": ""INFO"", ""event"": ""request"", ""request-id"": ""e69837d8-a84d-4d29-bcdc-01ea168afffb"", ""method"": ""DELETE"", ""path"": ""/api/auth/logout"", ""status-code"": 401}"
190,2026-06-05T16:03:11.028Z,gateway-0,"{""severity"": ""WARNING"", ""event"": ""internal"", ""exception"": ""System.Net.Http.HttpRequestException: Remote service responded slowly.""}"
191,2026-06-05T16:03:12.252Z,gateway-1,"{""severity"": ""ERROR"", ""event"": ""internal"", ""exception"": ""System.UnauthorizedAccessException: Access to protected resource is denied.""}"
192,2026-06-05T16:03:12.785Z,gateway-0,"{""severity"": ""INFO"", ""event"": ""request"", ""request-id"": ""92713cab-31ef-4bb9-a194-651fa5f74755"", ""method"": ""POST"", ""path"": ""/api/auth/logout"", ""status-code"": 401}"
193,2026-06-05T16:03:14.404Z,contentservice-1,"{""severity"": ""INFO"", ""event"": ""request"", ""request-id"": ""966ffa1c-bf13-481f-8876-70714d133af9"", ""method"": ""DELETE"", ""path"": ""/api/auth/login"", ""status-code"": 404}"
194,2026-06-05T16:03:15.058Z,gateway-0,"{""severity"": ""ERROR"", ""event"": ""internal"", ""exception"": ""System.NullReferenceException: Object reference not set to an instance of an object.""}"
195,2026-06-05T16:03:16.766Z,userservice-0,"{""severity"": ""INFO"", ""event"": ""request"", ""request-id"": ""c5d16bb4-d363-41b8-a012-509219c72a10"", ""method"": ""DELETE"", ""path"": ""/api/content/article"", ""status-code"": 200}"
196,2026-06-05T16:03:17.492Z,contentservice-1,"{""severity"": ""INFO"", ""event"": ""call"", ""request-id"": ""362f4bae-1103-411c-a68f-a964b0dc4895"", ""target-service"": ""emailservice"", ""duration-ms"": 245}"
197,2026-06-05T16:03:18.435Z,authservice-0,"{""severity"": ""ERROR"", ""event"": ""internal"", ""exception"": ""System.NullReferenceException: Object reference not set to an instance of an object.""}"
198,2026-06-05T16:03:19.680Z,gateway-0,"{""severity"": ""INFO"", ""event"": ""request"", ""request-id"": ""9283b862-2369-45c6-8888-2d2cfc278cee"", ""method"": ""POST"", ""path"": ""/api/auth/logout"", ""status-code"": 404}"
199,2026-06-05T16:03:21.455Z,authservice-1,"{""severity"": ""INFO"", ""event"": ""request"", ""request-id"": ""b856326b-d9e7-4461-8b0e-9c7e828bce5e"", ""method"": ""PUT"", ""path"": ""/api/content/article"", ""status-code"": 200}"
